<?xml version="1.0" encoding="UTF-8"?>
<testsuite xmlns:xsi="http://www.w3.org/2001/XMLSchema-instance" xsi:schemaLocation="https://maven.apache.org/surefire/maven-surefire-plugin/xsd/surefire-test-report.xsd" name="TestSuite" time="50.628" tests="6" errors="0" skipped="0" failures="3">
  <properties>
[...]
</properties>
  <testcase name="Test01_Verify_Bolwala_Title" classname="com.automation.Desktop.TestCases.BolwalaCompleteFlowClass" time="0.011"/>
  <testcase name="Test02_Click_CreateAnAccount_To_Redirect" classname="com.automation.Desktop.TestCases.BolwalaCompleteFlowClass" time="5.345"/>
  <testcase name="Test03_Fill_The_Form" classname="com.automation.Desktop.TestCases.BolwalaCompleteFlowClass" time="0.61">
    <failure message="unknown error: Element &lt;input type=&quot;checkbox&quot; class=&quot;ng-untouched ng-pristine ng-valid&quot;&gt; is not clickable at point (291, 499). Other element would receive the click: &lt;a target=&quot;_blank&quot; href=&quot;/terms-of-use&quot;&gt;...&lt;/a&gt;&#10;  (Session info: chrome=64.0.3282.186)&#10;  (Driver info: chromedriver=2.35.528161 (5b82f2d2aae0ca24b877009200ced9065a772e73),platform=Windows NT 6.1.7601 SP1 x86_64) (WARNING: The server did not provide any stacktrace information)&#10;Command duration or timeout: 46 milliseconds&#10;Build info: version: &apos;2.53.0&apos;, revision: &apos;35ae25b1534ae328c771e0856c93e187490ca824&apos;, time: &apos;2016-03-15 10:43:46&apos;&#10;System info: host: &apos;KHI-BM-6-34&apos;, ip: &apos;10.3.34.51&apos;, os.name: &apos;Windows 7&apos;, os.arch: &apos;amd64&apos;, os.version: &apos;6.1&apos;, java.version: &apos;9.0.4&apos;&#10;Driver info: org.openqa.selenium.chrome.ChromeDriver&#10;Capabilities [{applicationCacheEnabled=false, rotatable=false, mobileEmulationEnabled=false, networkConnectionEnabled=false, chrome={chromedriverVersion=2.35.528161 (5b82f2d2aae0ca24b877009200ced9065a772e73), userDataDir=C:\Users\AHMED~1.SID\AppData\Local\Temp\scoped_dir7960_3207}, takesHeapSnapshot=true, pageLoadStrategy=normal, databaseEnabled=false, handlesAlerts=true, hasTouchScreen=false, version=64.0.3282.186, platform=XP, browserConnectionEnabled=false, nativeEvents=true, acceptSslCerts=false, acceptInsecureCerts=false, locationContextEnabled=true, webStorageEnabled=true, browserName=chrome, takesScreenshot=true, javascriptEnabled=true, cssSelectorsEnabled=true, setWindowRect=true, unexpectedAlertBehaviour=}]&#10;Session ID: c02a28b727f9749d43b1f850d6d24530" type="org.openqa.selenium.WebDriverException"><![CDATA[org.openqa.selenium.WebDriverException: 
unknown error: Element <input type="checkbox" class="ng-untouched ng-pristine ng-valid"> is not clickable at point (291, 499). Other element would receive the click: <a target="_blank" href="/terms-of-use">...</a>
  (Session info: chrome=64.0.3282.186)
  (Driver info: chromedriver=2.35.528161 (5b82f2d2aae0ca24b877009200ced9065a772e73),platform=Windows NT 6.1.7601 SP1 x86_64) (WARNING: The server did not provide any stacktrace information)
Command duration or timeout: 46 milliseconds
Build info: version: '2.53.0', revision: '35ae25b1534ae328c771e0856c93e187490ca824', time: '2016-03-15 10:43:46'
System info: host: 'KHI-BM-6-34', ip: '10.3.34.51', os.name: 'Windows 7', os.arch: 'amd64', os.version: '6.1', java.version: '9.0.4'
Driver info: org.openqa.selenium.chrome.ChromeDriver
Capabilities [{applicationCacheEnabled=false, rotatable=false, mobileEmulationEnabled=false, networkConnectionEnabled=false, chrome={chromedriverVersion=2.35.528161 (5b82f2d2aae0ca24b877009200ced9065a772e73), userDataDir=C:\Users\AHMED~1.SID\AppData\Local\Temp\scoped_dir7960_3207}, takesHeapSnapshot=true, pageLoadStrategy=normal, databaseEnabled=false, handlesAlerts=true, hasTouchScreen=false, version=64.0.3282.186, platform=XP, browserConnectionEnabled=false, nativeEvents=true, acceptSslCerts=false, acceptInsecureCerts=false, locationContextEnabled=true, webStorageEnabled=true, browserName=chrome, takesScreenshot=true, javascriptEnabled=true, cssSelectorsEnabled=true, setWindowRect=true, unexpectedAlertBehaviour=}]
Session ID: c02a28b727f9749d43b1f850d6d24530
	at com.automation.Desktop.TestCases.BolwalaCompleteFlowClass.Test03_Fill_The_Form(BolwalaCompleteFlowClass.java:32)
]]></failure>
    <system-out><![CDATA[Assertion Passed: element [[ChromeDriver: chrome on XP (c02a28b727f9749d43b1f850d6d24530)] -> xpath: //html/body/app-root/app-public/div/app-customer-signup/div/div/div/div/div[1]/div/div[2]/div[1]/input] with text is displayed.
171444
171445
PIN: 923009171445
]]></system-out>
  </testcase>
  <testcase name="Test04_Submit_The_Form" classname="com.automation.Desktop.TestCases.BolwalaCompleteFlowClass" time="15.079"/>
  <testcase name="Test05_Redirect_To_My_Account" classname="com.automation.Desktop.TestCases.BolwalaCompleteFlowClass" time="7.084">
    <failure type="java.lang.NullPointerException">java.lang.NullPointerException
	at com.automation.Desktop.TestCases.BolwalaCompleteFlowClass.Test05_Redirect_To_My_Account(BolwalaCompleteFlowClass.java:42)
</failure>
  </testcase>
  <testcase name="Test06_Verify_User_Pin_Code" classname="com.automation.Desktop.TestCases.BolwalaCompleteFlowClass" time="4.009">
    <failure message="chrome not reachable&#10;  (Session info: chrome=64.0.3282.186)&#10;  (Driver info: chromedriver=2.35.528161 (5b82f2d2aae0ca24b877009200ced9065a772e73),platform=Windows NT 6.1.7601 SP1 x86_64) (WARNING: The server did not provide any stacktrace information)&#10;Command duration or timeout: 4.00 seconds&#10;Build info: version: &apos;2.53.0&apos;, revision: &apos;35ae25b1534ae328c771e0856c93e187490ca824&apos;, time: &apos;2016-03-15 10:43:46&apos;&#10;System info: host: &apos;KHI-BM-6-34&apos;, ip: &apos;10.3.34.51&apos;, os.name: &apos;Windows 7&apos;, os.arch: &apos;amd64&apos;, os.version: &apos;6.1&apos;, java.version: &apos;9.0.4&apos;&#10;Driver info: org.openqa.selenium.chrome.ChromeDriver&#10;Capabilities [{applicationCacheEnabled=false, rotatable=false, mobileEmulationEnabled=false, networkConnectionEnabled=false, chrome={chromedriverVersion=2.35.528161 (5b82f2d2aae0ca24b877009200ced9065a772e73), userDataDir=C:\Users\AHMED~1.SID\AppData\Local\Temp\scoped_dir7960_3207}, takesHeapSnapshot=true, pageLoadStrategy=normal, databaseEnabled=false, handlesAlerts=true, hasTouchScreen=false, version=64.0.3282.186, platform=XP, browserConnectionEnabled=false, nativeEvents=true, acceptSslCerts=false, acceptInsecureCerts=false, locationContextEnabled=true, webStorageEnabled=true, browserName=chrome, takesScreenshot=true, javascriptEnabled=true, cssSelectorsEnabled=true, setWindowRect=true, unexpectedAlertBehaviour=}]&#10;Session ID: c02a28b727f9749d43b1f850d6d24530&#10;*** Element info: {Using=css selector, value=[class = &apos;idTag&apos;]}" type="org.openqa.selenium.WebDriverException">org.openqa.selenium.WebDriverException: 
chrome not reachable
  (Session info: chrome=64.0.3282.186)
  (Driver info: chromedriver=2.35.528161 (5b82f2d2aae0ca24b877009200ced9065a772e73),platform=Windows NT 6.1.7601 SP1 x86_64) (WARNING: The server did not provide any stacktrace information)
Command duration or timeout: 4.00 seconds
Build info: version: '2.53.0', revision: '35ae25b1534ae328c771e0856c93e187490ca824', time: '2016-03-15 10:43:46'
System info: host: 'KHI-BM-6-34', ip: '10.3.34.51', os.name: 'Windows 7', os.arch: 'amd64', os.version: '6.1', java.version: '9.0.4'
Driver info: org.openqa.selenium.chrome.ChromeDriver
Capabilities [{applicationCacheEnabled=false, rotatable=false, mobileEmulationEnabled=false, networkConnectionEnabled=false, chrome={chromedriverVersion=2.35.528161 (5b82f2d2aae0ca24b877009200ced9065a772e73), userDataDir=C:\Users\AHMED~1.SID\AppData\Local\Temp\scoped_dir7960_3207}, takesHeapSnapshot=true, pageLoadStrategy=normal, databaseEnabled=false, handlesAlerts=true, hasTouchScreen=false, version=64.0.3282.186, platform=XP, browserConnectionEnabled=false, nativeEvents=true, acceptSslCerts=false, acceptInsecureCerts=false, locationContextEnabled=true, webStorageEnabled=true, browserName=chrome, takesScreenshot=true, javascriptEnabled=true, cssSelectorsEnabled=true, setWindowRect=true, unexpectedAlertBehaviour=}]
Session ID: c02a28b727f9749d43b1f850d6d24530
*** Element info: {Using=css selector, value=[class = 'idTag']}
	at com.automation.Desktop.TestCases.BolwalaCompleteFlowClass.Test06_Verify_User_Pin_Code(BolwalaCompleteFlowClass.java:48)
</failure>
  </testcase>
</testsuite>