<?xml version="1.0" encoding="UTF-8"?>
<testng-results ignored="0" total="6" passed="6" failed="0" skipped="0">
  <reporter-output>
    <line>
      <![CDATA[setting value isnull]]>
    </line>
    <line>
      <![CDATA[=================================================================]]>
    </line>
    <line>
      <![CDATA[=================================================================]]>
    </line>
    <line>
      <![CDATA[[INFO]: TEST BROWSER IS  CHROME]]>
    </line>
    <line>
      <![CDATA[=================================================================]]>
    </line>
    <line>
      <![CDATA[=================================================================]]>
    </line>
  </reporter-output>
  <suite started-at="2018-05-03T12:49:44Z" name="Default suite" finished-at="2018-05-03T12:50:47Z" duration-ms="62834">
    <groups>
    </groups>
    <test started-at="2018-05-03T12:49:44Z" name="Default test" finished-at="2018-05-03T12:50:47Z" duration-ms="62834">
      <class name="com.automation.Desktop.TestCases.BolwalaCompleteFlowClass">
        <test-method is-config="true" signature="beforeClass()[pri:0, instance:com.automation.Desktop.TestCases.BolwalaCompleteFlowClass@5d534f5d]" started-at="2018-05-03T12:49:44Z" name="beforeClass" finished-at="2018-05-03T12:50:13Z" duration-ms="29649" status="PASS">
          <reporter-output>
            <line>
              <![CDATA[setting value isnull]]>
            </line>
            <line>
              <![CDATA[=================================================================]]>
            </line>
            <line>
              <![CDATA[=================================================================]]>
            </line>
            <line>
              <![CDATA[[INFO]: TEST BROWSER IS  CHROME]]>
            </line>
            <line>
              <![CDATA[=================================================================]]>
            </line>
            <line>
              <![CDATA[=================================================================]]>
            </line>
          </reporter-output>
        </test-method> <!-- beforeClass -->
        <test-method signature="Test01_Verify_Bolwala_Title()[pri:0, instance:com.automation.Desktop.TestCases.BolwalaCompleteFlowClass@5d534f5d]" started-at="2018-05-03T12:50:13Z" name="Test01_Verify_Bolwala_Title" finished-at="2018-05-03T12:50:13Z" duration-ms="29" status="PASS">
          <reporter-output>
          </reporter-output>
        </test-method> <!-- Test01_Verify_Bolwala_Title -->
        <test-method signature="Test02_Click_CreateAnAccount_To_Redirect()[pri:0, instance:com.automation.Desktop.TestCases.BolwalaCompleteFlowClass@5d534f5d]" started-at="2018-05-03T12:50:13Z" name="Test02_Click_CreateAnAccount_To_Redirect" finished-at="2018-05-03T12:50:19Z" duration-ms="5397" status="PASS">
          <reporter-output>
          </reporter-output>
        </test-method> <!-- Test02_Click_CreateAnAccount_To_Redirect -->
        <test-method signature="Test03_Fill_The_Form()[pri:0, instance:com.automation.Desktop.TestCases.BolwalaCompleteFlowClass@5d534f5d]" started-at="2018-05-03T12:50:19Z" name="Test03_Fill_The_Form" finished-at="2018-05-03T12:50:25Z" duration-ms="5896" status="PASS">
          <reporter-output>
          </reporter-output>
        </test-method> <!-- Test03_Fill_The_Form -->
        <test-method signature="Test04_Submit_The_Form()[pri:0, instance:com.automation.Desktop.TestCases.BolwalaCompleteFlowClass@5d534f5d]" started-at="2018-05-03T12:50:25Z" name="Test04_Submit_The_Form" finished-at="2018-05-03T12:50:40Z" duration-ms="15094" status="PASS">
          <reporter-output>
          </reporter-output>
        </test-method> <!-- Test04_Submit_The_Form -->
        <test-method signature="Test05_Redirect_To_My_Account()[pri:0, instance:com.automation.Desktop.TestCases.BolwalaCompleteFlowClass@5d534f5d]" started-at="2018-05-03T12:50:40Z" name="Test05_Redirect_To_My_Account" finished-at="2018-05-03T12:50:46Z" duration-ms="6547" status="PASS">
          <reporter-output>
          </reporter-output>
        </test-method> <!-- Test05_Redirect_To_My_Account -->
        <test-method signature="Test06_Verify_User_Pin_Code()[pri:0, instance:com.automation.Desktop.TestCases.BolwalaCompleteFlowClass@5d534f5d]" started-at="2018-05-03T12:50:46Z" name="Test06_Verify_User_Pin_Code" finished-at="2018-05-03T12:50:46Z" duration-ms="45" status="PASS">
          <reporter-output>
          </reporter-output>
        </test-method> <!-- Test06_Verify_User_Pin_Code -->
        <test-method is-config="true" signature="afterClass()[pri:0, instance:com.automation.Desktop.TestCases.BolwalaCompleteFlowClass@5d534f5d]" started-at="2018-05-03T12:50:46Z" name="afterClass" finished-at="2018-05-03T12:50:47Z" duration-ms="139" status="PASS">
          <reporter-output>
          </reporter-output>
        </test-method> <!-- afterClass -->
      </class> <!-- com.automation.Desktop.TestCases.BolwalaCompleteFlowClass -->
    </test> <!-- Default test -->
  </suite> <!-- Default suite -->
</testng-results>
